This is pdfTeX, Version 3.14159265-2.6-1.40.15 (TeX Live 2014) (preloaded format=pdflatex 2014.12.1)  26 APR 2015 18:48
entering extended mode
 \write18 enabled.
 file:line:error style messages enabled.
 %&-line parsing enabled.
**/Users/sarahmcgillion/AADS/Assignment_1/sections/TSWLatexianTemp_000095.tex
(/Users/sarahmcgillion/AADS/Assignment_1/sections/TSWLatexianTemp_000095.tex
LaTeX2e <2014/05/01>
Babel <3.9k> and hyphenation patterns for 78 languages loaded.
/Users/sarahmcgillion/AADS/Assignment_1/sections/TSWLatexianTemp_000095.tex:1: Undefined control sequence.
l.1 \section
            {Rectilinear Planar Embedding}
The control sequence at the end of the top line
of your error message was never \def'ed. If you have
misspelled it (e.g., `\hobx'), type `I' and the correct
spelling (e.g., `I\hbox'). Otherwise just continue,
and I'll forget about whatever was undefined.


/Users/sarahmcgillion/AADS/Assignment_1/sections/TSWLatexianTemp_000095.tex:1: LaTeX Error: Missing \begin{document}.

See the LaTeX manual or LaTeX Companion for explanation.
Type  H <return>  for immediate help.
 ...                                              
                                                  
l.1 \section{R
              ectilinear Planar Embedding}
You're in trouble here.  Try typing  <return>  to proceed.
If that doesn't work, type  X <return>  to quit.

Missing character: There is no R in font nullfont!
Missing character: There is no e in font nullfont!
Missing character: There is no c in font nullfont!
Missing character: There is no t in font nullfont!
Missing character: There is no i in font nullfont!
Missing character: There is no l in font nullfont!
Missing character: There is no i in font nullfont!
Missing character: There is no n in font nullfont!
Missing character: There is no e in font nullfont!
Missing character: There is no a in font nullfont!
Missing character: There is no r in font nullfont!
Missing character: There is no P in font nullfont!
Missing character: There is no l in font nullfont!
Missing character: There is no a in font nullfont!
Missing character: There is no n in font nullfont!
Missing character: There is no a in font nullfont!
Missing character: There is no r in font nullfont!
Missing character: There is no E in font nullfont!
Missing character: There is no m in font nullfont!
Missing character: There is no b in font nullfont!
Missing character: There is no e in font nullfont!
Missing character: There is no d in font nullfont!
Missing character: There is no d in font nullfont!
Missing character: There is no i in font nullfont!
Missing character: There is no n in font nullfont!
Missing character: There is no g in font nullfont!

Overfull \hbox (20.0pt too wide) in paragraph at lines 1--2
[]
 []

/Users/sarahmcgillion/AADS/Assignment_1/sections/TSWLatexianTemp_000095.tex:3: Undefined control sequence.
l.3 \subsection
               {2.1}
The control sequence at the end of the top line
of your error message was never \def'ed. If you have
misspelled it (e.g., `\hobx'), type `I' and the correct
spelling (e.g., `I\hbox'). Otherwise just continue,
and I'll forget about whatever was undefined.


/Users/sarahmcgillion/AADS/Assignment_1/sections/TSWLatexianTemp_000095.tex:3: LaTeX Error: Missing \begin{document}.

See the LaTeX manual or LaTeX Companion for explanation.
Type  H <return>  for immediate help.
 ...                                              
                                                  
l.3 \subsection{2
                 .1}
You're in trouble here.  Try typing  <return>  to proceed.
If that doesn't work, type  X <return>  to quit.

Missing character: There is no 2 in font nullfont!
Missing character: There is no . in font nullfont!
Missing character: There is no 1 in font nullfont!

Overfull \hbox (20.0pt too wide) in paragraph at lines 3--4
[] 
 []


/Users/sarahmcgillion/AADS/Assignment_1/sections/TSWLatexianTemp_000095.tex:5: LaTeX Error: Missing \begin{document}.

See the LaTeX manual or LaTeX Companion for explanation.
Type  H <return>  for immediate help.
 ...                                              
                                                  
l.5 T
     able \ref{tab:Xvf} shows the values for {\it x_{vf}} that correspond to Figure 3 from the Assignment Document.
You're in trouble here.  Try typing  <return>  to proceed.
If that doesn't work, type  X <return>  to quit.

Missing character: There is no T in font nullfont!
Missing character: There is no a in font nullfont!
Missing character: There is no b in font nullfont!
Missing character: There is no l in font nullfont!
Missing character: There is no e in font nullfont!
/Users/sarahmcgillion/AADS/Assignment_1/sections/TSWLatexianTemp_000095.tex:5: Undefined control sequence.
<write> ...: Reference `tab:Xvf' on page \thepage 
                                                  \space undefined\on@line .
l.5 Table \ref{tab:Xvf}
                        shows the values for {\it x_{vf}} that correspond to Figure 3 from the Assignment Document.
The control sequence at the end of the top line
of your error message was never \def'ed. If you have
misspelled it (e.g., `\hobx'), type `I' and the correct
spelling (e.g., `I\hbox'). Otherwise just continue,
and I'll forget about whatever was undefined.


LaTeX Warning: Reference `tab:Xvf' on page  undefined on input line 5.

Missing character: There is no s in font nullfont!
Missing character: There is no h in font nullfont!
Missing character: There is no o in font nullfont!
Missing character: There is no w in font nullfont!
Missing character: There is no s in font nullfont!
Missing character: There is no t in font nullfont!
Missing character: There is no h in font nullfont!
Missing character: There is no e in font nullfont!
Missing character: There is no v in font nullfont!
Missing character: There is no a in font nullfont!
Missing character: There is no l in font nullfont!
Missing character: There is no u in font nullfont!
Missing character: There is no e in font nullfont!
Missing character: There is no s in font nullfont!
Missing character: There is no f in font nullfont!
Missing character: There is no o in font nullfont!
Missing character: There is no r in font nullfont!
/Users/sarahmcgillion/AADS/Assignment_1/sections/TSWLatexianTemp_000095.tex:5: Undefined control sequence.
l.5 Table \ref{tab:Xvf} shows the values for {\it
                                                  x_{vf}} that correspond to Figure 3 from the Assignment Document.
The control sequence at the end of the top line
of your error message was never \def'ed. If you have
misspelled it (e.g., `\hobx'), type `I' and the correct
spelling (e.g., `I\hbox'). Otherwise just continue,
and I'll forget about whatever was undefined.

Missing character: There is no x in font nullfont!
/Users/sarahmcgillion/AADS/Assignment_1/sections/TSWLatexianTemp_000095.tex:5: Missing $ inserted.
<inserted text> 
                $
l.5 ... \ref{tab:Xvf} shows the values for {\it x_
                                                  {vf}} that correspond to Figure 3 from the Assignment Document.
I've inserted a begin-math/end-math symbol since I think
you left one out. Proceed, with fingers crossed.

LaTeX Font Info:    External font `cmex10' loaded for size
(Font)              <7> on input line 5.
LaTeX Font Info:    External font `cmex10' loaded for size
(Font)              <5> on input line 5.
/Users/sarahmcgillion/AADS/Assignment_1/sections/TSWLatexianTemp_000095.tex:5: Extra }, or forgotten $.
l.5 ...{tab:Xvf} shows the values for {\it x_{vf}}
                                                   that correspond to Figure 3 from the Assignment Document.
I've deleted a group-closing symbol because it seems to be
spurious, as in `$x}$'. But perhaps the } is legitimate and
you forgot something else, as in `\hbox{$x}'. In such cases
the way to recover is to insert both the forgotten and the
deleted material, e.g., by typing `I$}'.

/Users/sarahmcgillion/AADS/Assignment_1/sections/TSWLatexianTemp_000095.tex:6: Missing $ inserted.
<inserted text> 
                $
l.6 
    
I've inserted a begin-math/end-math symbol since I think
you left one out. Proceed, with fingers crossed.


Overfull \hbox (20.0pt too wide) in paragraph at lines 5--6
[]
 []


Overfull \hbox (10.86105pt too wide) in paragraph at lines 5--6
[]
 []


Overfull \hbox (264.11232pt too wide) in paragraph at lines 5--6
[]\OML/cmm/m/it/10 thatcorrespondtoFigure\OT1/cmr/m/n/10 3\OML/cmm/m/it/10 fromtheAssignmentDocument:$ 
 []


/Users/sarahmcgillion/AADS/Assignment_1/sections/TSWLatexianTemp_000095.tex:7: LaTeX Error: Environment table undefined.

See the LaTeX manual or LaTeX Companion for explanation.
Type  H <return>  for immediate help.
 ...                                              
                                                  
l.7 \begin{table}
                 [h]
Your command was ignored.
Type  I <command> <return>  to replace it with another command,
or  <return>  to continue without it.


/Users/sarahmcgillion/AADS/Assignment_1/sections/TSWLatexianTemp_000095.tex:7: LaTeX Error: Missing \begin{document}.

See the LaTeX manual or LaTeX Companion for explanation.
Type  H <return>  for immediate help.
 ...                                              
                                                  
l.7 \begin{table}[
                  h]
You're in trouble here.  Try typing  <return>  to proceed.
If that doesn't work, type  X <return>  to quit.

Missing character: There is no [ in font nullfont!
Missing character: There is no h in font nullfont!
Missing character: There is no ] in font nullfont!
Missing character: There is no x in font nullfont!
/Users/sarahmcgillion/AADS/Assignment_1/sections/TSWLatexianTemp_000095.tex:10: Missing $ inserted.
<inserted text> 
                $
l.10 x_
       {vf} & a & b & c & d  & e  \\
I've inserted a begin-math/end-math symbol since I think
you left one out. Proceed, with fingers crossed.

/Users/sarahmcgillion/AADS/Assignment_1/sections/TSWLatexianTemp_000095.tex:10: Extra }, or forgotten $.
<template> \unskip \hfil }
                          \hskip \tabcolsep \hskip -.5\arrayrulewidth \vrule width\arrayrulewidth \hskip -.5\arrayrulewidth \endtemplate 
l.10 x_{vf} &
              a & b & c & d  & e  \\
I've deleted a group-closing symbol because it seems to be
spurious, as in `$x}$'. But perhaps the } is legitimate and
you forgot something else, as in `\hbox{$x}'. In such cases
the way to recover is to insert both the forgotten and the
deleted material, e.g., by typing `I$}'.

/Users/sarahmcgillion/AADS/Assignment_1/sections/TSWLatexianTemp_000095.tex:10: Missing $ inserted.
<inserted text> 
                $
l.10 x_{vf} &
              a & b & c & d  & e  \\
I've inserted a begin-math/end-math symbol since I think
you left one out. Proceed, with fingers crossed.

/Users/sarahmcgillion/AADS/Assignment_1/sections/TSWLatexianTemp_000095.tex:10: Missing } inserted.
<inserted text> 
                }
l.10 x_{vf} &
              a & b & c & d  & e  \\
I've inserted something that you may have forgotten.
(See the <inserted text> above.)
With luck, this will get me unwedged. But if you
really didn't forget anything, try typing `2' now; then
my insertion and my current dilemma will both disappear.

Missing character: There is no a in font nullfont!
Missing character: There is no b in font nullfont!
Missing character: There is no c in font nullfont!
Missing character: There is no d in font nullfont!
Missing character: There is no e in font nullfont!
Missing character: There is no v in font nullfont!
/Users/sarahmcgillion/AADS/Assignment_1/sections/TSWLatexianTemp_000095.tex:12: Missing $ inserted.
<inserted text> 
                $
l.12 v_
       {1}  & 0 & 1 & 1 & 0  & 0  \\
I've inserted a begin-math/end-math symbol since I think
you left one out. Proceed, with fingers crossed.

/Users/sarahmcgillion/AADS/Assignment_1/sections/TSWLatexianTemp_000095.tex:12: Extra }, or forgotten $.
<template> \unskip \hfil }
                          \hskip \tabcolsep \hskip -.5\arrayrulewidth \vrule width\arrayrulewidth \hskip -.5\arrayrulewidth \endtemplate 
l.12 v_{1}  &
              0 & 1 & 1 & 0  & 0  \\
I've deleted a group-closing symbol because it seems to be
spurious, as in `$x}$'. But perhaps the } is legitimate and
you forgot something else, as in `\hbox{$x}'. In such cases
the way to recover is to insert both the forgotten and the
deleted material, e.g., by typing `I$}'.

/Users/sarahmcgillion/AADS/Assignment_1/sections/TSWLatexianTemp_000095.tex:12: Missing $ inserted.
<inserted text> 
                $
l.12 v_{1}  &
              0 & 1 & 1 & 0  & 0  \\
I've inserted a begin-math/end-math symbol since I think
you left one out. Proceed, with fingers crossed.

/Users/sarahmcgillion/AADS/Assignment_1/sections/TSWLatexianTemp_000095.tex:12: Missing } inserted.
<inserted text> 
                }
l.12 v_{1}  &
              0 & 1 & 1 & 0  & 0  \\
I've inserted something that you may have forgotten.
(See the <inserted text> above.)
With luck, this will get me unwedged. But if you
really didn't forget anything, try typing `2' now; then
my insertion and my current dilemma will both disappear.

Missing character: There is no 0 in font nullfont!
Missing character: There is no 1 in font nullfont!
Missing character: There is no 1 in font nullfont!
Missing character: There is no 0 in font nullfont!
Missing character: There is no 0 in font nullfont!
Missing character: There is no v in font nullfont!
/Users/sarahmcgillion/AADS/Assignment_1/sections/TSWLatexianTemp_000095.tex:13: Missing $ inserted.
<inserted text> 
                $
l.13 v_
       {2}  & 0 & 0 & 1 & 1  & 0  \\
I've inserted a begin-math/end-math symbol since I think
you left one out. Proceed, with fingers crossed.

/Users/sarahmcgillion/AADS/Assignment_1/sections/TSWLatexianTemp_000095.tex:13: Extra }, or forgotten $.
<template> \unskip \hfil }
                          \hskip \tabcolsep \hskip -.5\arrayrulewidth \vrule width\arrayrulewidth \hskip -.5\arrayrulewidth \endtemplate 
l.13 v_{2}  &
              0 & 0 & 1 & 1  & 0  \\
I've deleted a group-closing symbol because it seems to be
spurious, as in `$x}$'. But perhaps the } is legitimate and
you forgot something else, as in `\hbox{$x}'. In such cases
the way to recover is to insert both the forgotten and the
deleted material, e.g., by typing `I$}'.

/Users/sarahmcgillion/AADS/Assignment_1/sections/TSWLatexianTemp_000095.tex:13: Missing $ inserted.
<inserted text> 
                $
l.13 v_{2}  &
              0 & 0 & 1 & 1  & 0  \\
I've inserted a begin-math/end-math symbol since I think
you left one out. Proceed, with fingers crossed.

/Users/sarahmcgillion/AADS/Assignment_1/sections/TSWLatexianTemp_000095.tex:13: Missing } inserted.
<inserted text> 
                }
l.13 v_{2}  &
              0 & 0 & 1 & 1  & 0  \\
I've inserted something that you may have forgotten.
(See the <inserted text> above.)
With luck, this will get me unwedged. But if you
really didn't forget anything, try typing `2' now; then
my insertion and my current dilemma will both disappear.

Missing character: There is no 0 in font nullfont!
Missing character: There is no 0 in font nullfont!
Missing character: There is no 1 in font nullfont!
Missing character: There is no 1 in font nullfont!
Missing character: There is no 0 in font nullfont!
Missing character: There is no v in font nullfont!
/Users/sarahmcgillion/AADS/Assignment_1/sections/TSWLatexianTemp_000095.tex:14: Missing $ inserted.
<inserted text> 
                $
l.14 v_
       {3}  & 1 & 0 & 1 & 1  & 1  \\
I've inserted a begin-math/end-math symbol since I think
you left one out. Proceed, with fingers crossed.

/Users/sarahmcgillion/AADS/Assignment_1/sections/TSWLatexianTemp_000095.tex:14: Extra }, or forgotten $.
<template> \unskip \hfil }
                          \hskip \tabcolsep \hskip -.5\arrayrulewidth \vrule width\arrayrulewidth \hskip -.5\arrayrulewidth \endtemplate 
l.14 v_{3}  &
              1 & 0 & 1 & 1  & 1  \\
I've deleted a group-closing symbol because it seems to be
spurious, as in `$x}$'. But perhaps the } is legitimate and
you forgot something else, as in `\hbox{$x}'. In such cases
the way to recover is to insert both the forgotten and the
deleted material, e.g., by typing `I$}'.

/Users/sarahmcgillion/AADS/Assignment_1/sections/TSWLatexianTemp_000095.tex:14: Missing $ inserted.
<inserted text> 
                $
l.14 v_{3}  &
              1 & 0 & 1 & 1  & 1  \\
I've inserted a begin-math/end-math symbol since I think
you left one out. Proceed, with fingers crossed.

/Users/sarahmcgillion/AADS/Assignment_1/sections/TSWLatexianTemp_000095.tex:14: Missing } inserted.
<inserted text> 
                }
l.14 v_{3}  &
              1 & 0 & 1 & 1  & 1  \\
I've inserted something that you may have forgotten.
(See the <inserted text> above.)
With luck, this will get me unwedged. But if you
really didn't forget anything, try typing `2' now; then
my insertion and my current dilemma will both disappear.

Missing character: There is no 1 in font nullfont!
Missing character: There is no 0 in font nullfont!
Missing character: There is no 1 in font nullfont!
Missing character: There is no 1 in font nullfont!
Missing character: There is no 1 in font nullfont!
Missing character: There is no v in font nullfont!
/Users/sarahmcgillion/AADS/Assignment_1/sections/TSWLatexianTemp_000095.tex:15: Missing $ inserted.
<inserted text> 
                $
l.15 v_
       {4}  & 0 & 0 & 0 & -1 & 1  \\
I've inserted a begin-math/end-math symbol since I think
you left one out. Proceed, with fingers crossed.

/Users/sarahmcgillion/AADS/Assignment_1/sections/TSWLatexianTemp_000095.tex:15: Extra }, or forgotten $.
<template> \unskip \hfil }
                          \hskip \tabcolsep \hskip -.5\arrayrulewidth \vrule width\arrayrulewidth \hskip -.5\arrayrulewidth \endtemplate 
l.15 v_{4}  &
              0 & 0 & 0 & -1 & 1  \\
I've deleted a group-closing symbol because it seems to be
spurious, as in `$x}$'. But perhaps the } is legitimate and
you forgot something else, as in `\hbox{$x}'. In such cases
the way to recover is to insert both the forgotten and the
deleted material, e.g., by typing `I$}'.

/Users/sarahmcgillion/AADS/Assignment_1/sections/TSWLatexianTemp_000095.tex:15: Missing $ inserted.
<inserted text> 
                $
l.15 v_{4}  &
              0 & 0 & 0 & -1 & 1  \\
I've inserted a begin-math/end-math symbol since I think
you left one out. Proceed, with fingers crossed.

/Users/sarahmcgillion/AADS/Assignment_1/sections/TSWLatexianTemp_000095.tex:15: Missing } inserted.
<inserted text> 
                }
l.15 v_{4}  &
              0 & 0 & 0 & -1 & 1  \\
I've inserted something that you may have forgotten.
(See the <inserted text> above.)
With luck, this will get me unwedged. But if you
really didn't forget anything, try typing `2' now; then
my insertion and my current dilemma will both disappear.

Missing character: There is no 0 in font nullfont!
Missing character: There is no 0 in font nullfont!
Missing character: There is no 0 in font nullfont!
Missing character: There is no - in font nullfont!
Missing character: There is no 1 in font nullfont!
Missing character: There is no 1 in font nullfont!
Missing character: There is no v in font nullfont!
/Users/sarahmcgillion/AADS/Assignment_1/sections/TSWLatexianTemp_000095.tex:16: Missing $ inserted.
<inserted text> 
                $
l.16 v_
       {5}  & 1 & 0 & 0 & 0  & -1 \\
I've inserted a begin-math/end-math symbol since I think
you left one out. Proceed, with fingers crossed.

/Users/sarahmcgillion/AADS/Assignment_1/sections/TSWLatexianTemp_000095.tex:16: Extra }, or forgotten $.
<template> \unskip \hfil }
                          \hskip \tabcolsep \hskip -.5\arrayrulewidth \vrule width\arrayrulewidth \hskip -.5\arrayrulewidth \endtemplate 
l.16 v_{5}  &
              1 & 0 & 0 & 0  & -1 \\
I've deleted a group-closing symbol because it seems to be
spurious, as in `$x}$'. But perhaps the } is legitimate and
you forgot something else, as in `\hbox{$x}'. In such cases
the way to recover is to insert both the forgotten and the
deleted material, e.g., by typing `I$}'.

/Users/sarahmcgillion/AADS/Assignment_1/sections/TSWLatexianTemp_000095.tex:16: Missing $ inserted.
<inserted text> 
                $
l.16 v_{5}  &
              1 & 0 & 0 & 0  & -1 \\
I've inserted a begin-math/end-math symbol since I think
you left one out. Proceed, with fingers crossed.

/Users/sarahmcgillion/AADS/Assignment_1/sections/TSWLatexianTemp_000095.tex:16: Missing } inserted.
<inserted text> 
                }
l.16 v_{5}  &
              1 & 0 & 0 & 0  & -1 \\
I've inserted something that you may have forgotten.
(See the <inserted text> above.)
With luck, this will get me unwedged. But if you
really didn't forget anything, try typing `2' now; then
my insertion and my current dilemma will both disappear.

Missing character: There is no 1 in font nullfont!
Missing character: There is no 0 in font nullfont!
Missing character: There is no 0 in font nullfont!
Missing character: There is no 0 in font nullfont!
Missing character: There is no - in font nullfont!
Missing character: There is no 1 in font nullfont!
Missing character: There is no v in font nullfont!
/Users/sarahmcgillion/AADS/Assignment_1/sections/TSWLatexianTemp_000095.tex:17: Missing $ inserted.
<inserted text> 
                $
l.17 v_
       {6}  & 1 & 1 & 0 & 1  & 1  \\
I've inserted a begin-math/end-math symbol since I think
you left one out. Proceed, with fingers crossed.

/Users/sarahmcgillion/AADS/Assignment_1/sections/TSWLatexianTemp_000095.tex:17: Extra }, or forgotten $.
<template> \unskip \hfil }
                          \hskip \tabcolsep \hskip -.5\arrayrulewidth \vrule width\arrayrulewidth \hskip -.5\arrayrulewidth \endtemplate 
l.17 v_{6}  &
              1 & 1 & 0 & 1  & 1  \\
I've deleted a group-closing symbol because it seems to be
spurious, as in `$x}$'. But perhaps the } is legitimate and
you forgot something else, as in `\hbox{$x}'. In such cases
the way to recover is to insert both the forgotten and the
deleted material, e.g., by typing `I$}'.

/Users/sarahmcgillion/AADS/Assignment_1/sections/TSWLatexianTemp_000095.tex:17: Missing $ inserted.
<inserted text> 
                $
l.17 v_{6}  &
              1 & 1 & 0 & 1  & 1  \\
I've inserted a begin-math/end-math symbol since I think
you left one out. Proceed, with fingers crossed.

/Users/sarahmcgillion/AADS/Assignment_1/sections/TSWLatexianTemp_000095.tex:17: Missing } inserted.
<inserted text> 
                }
l.17 v_{6}  &
              1 & 1 & 0 & 1  & 1  \\
I've inserted something that you may have forgotten.
(See the <inserted text> above.)
With luck, this will get me unwedged. But if you
really didn't forget anything, try typing `2' now; then
my insertion and my current dilemma will both disappear.

Missing character: There is no 1 in font nullfont!
Missing character: There is no 1 in font nullfont!
Missing character: There is no 0 in font nullfont!
Missing character: There is no 1 in font nullfont!
Missing character: There is no 1 in font nullfont!
Missing character: There is no v in font nullfont!
/Users/sarahmcgillion/AADS/Assignment_1/sections/TSWLatexianTemp_000095.tex:18: Missing $ inserted.
<inserted text> 
                $
l.18 v_
       {7}  & 0 & 0 & 0 & 0  &   0\\
I've inserted a begin-math/end-math symbol since I think
you left one out. Proceed, with fingers crossed.

/Users/sarahmcgillion/AADS/Assignment_1/sections/TSWLatexianTemp_000095.tex:18: Extra }, or forgotten $.
<template> \unskip \hfil }
                          \hskip \tabcolsep \hskip -.5\arrayrulewidth \vrule width\arrayrulewidth \hskip -.5\arrayrulewidth \endtemplate 
l.18 v_{7}  &
              0 & 0 & 0 & 0  &   0\\
I've deleted a group-closing symbol because it seems to be
spurious, as in `$x}$'. But perhaps the } is legitimate and
you forgot something else, as in `\hbox{$x}'. In such cases
the way to recover is to insert both the forgotten and the
deleted material, e.g., by typing `I$}'.

/Users/sarahmcgillion/AADS/Assignment_1/sections/TSWLatexianTemp_000095.tex:18: Missing $ inserted.
<inserted text> 
                $
l.18 v_{7}  &
              0 & 0 & 0 & 0  &   0\\
I've inserted a begin-math/end-math symbol since I think
you left one out. Proceed, with fingers crossed.

/Users/sarahmcgillion/AADS/Assignment_1/sections/TSWLatexianTemp_000095.tex:18: Missing } inserted.
<inserted text> 
                }
l.18 v_{7}  &
              0 & 0 & 0 & 0  &   0\\
I've inserted something that you may have forgotten.
(See the <inserted text> above.)
With luck, this will get me unwedged. But if you
really didn't forget anything, try typing `2' now; then
my insertion and my current dilemma will both disappear.

Missing character: There is no 0 in font nullfont!
Missing character: There is no 0 in font nullfont!
Missing character: There is no 0 in font nullfont!
Missing character: There is no 0 in font nullfont!
Missing character: There is no 0 in font nullfont!

/Users/sarahmcgillion/AADS/Assignment_1/sections/TSWLatexianTemp_000095.tex:20: LaTeX Error: \caption outside float.

See the LaTeX manual or LaTeX Companion for explanation.
Type  H <return>  for immediate help.
 ...                                              
                                                  
l.20 \caption
             {{\it x_{vf} values for Figure 3 in Assignment Document}
You're in trouble here.  Try typing  <return>  to proceed.
If that doesn't work, type  X <return>  to quit.

/Users/sarahmcgillion/AADS/Assignment_1/sections/TSWLatexianTemp_000095.tex:20: Undefined control sequence.
l.20 \caption{{\it
                   x_{vf} values for Figure 3 in Assignment Document}
The control sequence at the end of the top line
of your error message was never \def'ed. If you have
misspelled it (e.g., `\hobx'), type `I' and the correct
spelling (e.g., `I\hbox'). Otherwise just continue,
and I'll forget about whatever was undefined.

Missing character: There is no x in font nullfont!
/Users/sarahmcgillion/AADS/Assignment_1/sections/TSWLatexianTemp_000095.tex:20: Missing $ inserted.
<inserted text> 
                $
l.20 \caption{{\it x_
                     {vf} values for Figure 3 in Assignment Document}
I've inserted a begin-math/end-math symbol since I think
you left one out. Proceed, with fingers crossed.

/Users/sarahmcgillion/AADS/Assignment_1/sections/TSWLatexianTemp_000095.tex:20: Extra }, or forgotten $.
l.20 ...alues for Figure 3 in Assignment Document}
                                                  
I've deleted a group-closing symbol because it seems to be
spurious, as in `$x}$'. But perhaps the } is legitimate and
you forgot something else, as in `\hbox{$x}'. In such cases
the way to recover is to insert both the forgotten and the
deleted material, e.g., by typing `I$}'.


/Users/sarahmcgillion/AADS/Assignment_1/sections/TSWLatexianTemp_000095.tex:22: LaTeX Error: \begin{document} ended by \end{table}.

See the LaTeX manual or LaTeX Companion for explanation.
Type  H <return>  for immediate help.
 ...                                              
                                                  
l.22 \end{table}
                
Your command was ignored.
Type  I <command> <return>  to replace it with another command,
or  <return>  to continue without it.

/Users/sarahmcgillion/AADS/Assignment_1/sections/TSWLatexianTemp_000095.tex:22: Missing $ inserted.
<inserted text> 
                $
l.22 \end{table}
                
I've inserted something that you may have forgotten.
(See the <inserted text> above.)
With luck, this will get me unwedged. But if you
really didn't forget anything, try typing `2' now; then
my insertion and my current dilemma will both disappear.

/Users/sarahmcgillion/AADS/Assignment_1/sections/TSWLatexianTemp_000095.tex:22: Missing } inserted.
<inserted text> 
                }
l.22 \end{table}
                
I've inserted something that you may have forgotten.
(See the <inserted text> above.)
With luck, this will get me unwedged. But if you
really didn't forget anything, try typing `2' now; then
my insertion and my current dilemma will both disappear.

/Users/sarahmcgillion/AADS/Assignment_1/sections/TSWLatexianTemp_000095.tex:22: Missing } inserted.
<inserted text> 
                }
l.22 \end{table}
                
I've inserted something that you may have forgotten.
(See the <inserted text> above.)
With luck, this will get me unwedged. But if you
really didn't forget anything, try typing `2' now; then
my insertion and my current dilemma will both disappear.


Overfull \hbox (20.0pt too wide) in paragraph at lines 7--23
[]
 []


Overfull \hbox (9.43536pt too wide) in paragraph at lines 7--23
[]
 []


Overfull \hbox (200.8027pt too wide) in paragraph at lines 7--23
[]\OML/cmm/m/it/10 valuesforFigure\OT1/cmr/m/n/10 3\OML/cmm/m/it/10 inAssignmentDocument[]$ 
 []


/Users/sarahmcgillion/AADS/Assignment_1/sections/TSWLatexianTemp_000095.tex:25: LaTeX Error: Missing \begin{document}.

See the LaTeX manual or LaTeX Companion for explanation.
Type  H <return>  for immediate help.
 ...                                              
                                                  
l.25 T
      able \ref{tab:Zvf} shows the values for {\it {z_{fg}} that correspond to Figure 3 from the Assignment Document.
You're in trouble here.  Try typing  <return>  to proceed.
If that doesn't work, type  X <return>  to quit.

Missing character: There is no T in font nullfont!
Missing character: There is no a in font nullfont!
Missing character: There is no b in font nullfont!
Missing character: There is no l in font nullfont!
Missing character: There is no e in font nullfont!
/Users/sarahmcgillion/AADS/Assignment_1/sections/TSWLatexianTemp_000095.tex:25: Undefined control sequence.
<write> ...: Reference `tab:Zvf' on page \thepage 
                                                  \space undefined\on@line .
l.25 Table \ref{tab:Zvf}
                         shows the values for {\it {z_{fg}} that correspond to Figure 3 from the Assignment Document.
The control sequence at the end of the top line
of your error message was never \def'ed. If you have
misspelled it (e.g., `\hobx'), type `I' and the correct
spelling (e.g., `I\hbox'). Otherwise just continue,
and I'll forget about whatever was undefined.


LaTeX Warning: Reference `tab:Zvf' on page  undefined on input line 25.

Missing character: There is no s in font nullfont!
Missing character: There is no h in font nullfont!
Missing character: There is no o in font nullfont!
Missing character: There is no w in font nullfont!
Missing character: There is no s in font nullfont!
Missing character: There is no t in font nullfont!
Missing character: There is no h in font nullfont!
Missing character: There is no e in font nullfont!
Missing character: There is no v in font nullfont!
Missing character: There is no a in font nullfont!
Missing character: There is no l in font nullfont!
Missing character: There is no u in font nullfont!
Missing character: There is no e in font nullfont!
Missing character: There is no s in font nullfont!
Missing character: There is no f in font nullfont!
Missing character: There is no o in font nullfont!
Missing character: There is no r in font nullfont!
/Users/sarahmcgillion/AADS/Assignment_1/sections/TSWLatexianTemp_000095.tex:25: Undefined control sequence.
l.25 Table \ref{tab:Zvf} shows the values for {\it
                                                   {z_{fg}} that correspond to Figure 3 from the Assignment Document.
The control sequence at the end of the top line
of your error message was never \def'ed. If you have
misspelled it (e.g., `\hobx'), type `I' and the correct
spelling (e.g., `I\hbox'). Otherwise just continue,
and I'll forget about whatever was undefined.

Missing character: There is no z in font nullfont!
/Users/sarahmcgillion/AADS/Assignment_1/sections/TSWLatexianTemp_000095.tex:25: Missing $ inserted.
<inserted text> 
                $
l.25 ...ref{tab:Zvf} shows the values for {\it {z_
                                                  {fg}} that correspond to Figure 3 from the Assignment Document.
I've inserted a begin-math/end-math symbol since I think
you left one out. Proceed, with fingers crossed.

/Users/sarahmcgillion/AADS/Assignment_1/sections/TSWLatexianTemp_000095.tex:25: Extra }, or forgotten $.
l.25 ...ab:Zvf} shows the values for {\it {z_{fg}}
                                                   that correspond to Figure 3 from the Assignment Document.
I've deleted a group-closing symbol because it seems to be
spurious, as in `$x}$'. But perhaps the } is legitimate and
you forgot something else, as in `\hbox{$x}'. In such cases
the way to recover is to insert both the forgotten and the
deleted material, e.g., by typing `I$}'.


/Users/sarahmcgillion/AADS/Assignment_1/sections/TSWLatexianTemp_000095.tex:26: LaTeX Error: Environment table undefined.

See the LaTeX manual or LaTeX Companion for explanation.
Type  H <return>  for immediate help.
 ...                                              
                                                  
l.26 \begin{table}
                  [h]
Your command was ignored.
Type  I <command> <return>  to replace it with another command,
or  <return>  to continue without it.

Missing character: There is no z in font nullfont!
Missing character: There is no f in font nullfont!
Missing character: There is no g in font nullfont!
Missing character: There is no a in font nullfont!
Missing character: There is no b in font nullfont!
Missing character: There is no c in font nullfont!
Missing character: There is no d in font nullfont!
Missing character: There is no e in font nullfont!
Missing character: There is no a in font nullfont!
Missing character: There is no - in font nullfont!
Missing character: There is no 0 in font nullfont!
Missing character: There is no 0 in font nullfont!
Missing character: There is no 0 in font nullfont!
Missing character: There is no 0 in font nullfont!
Missing character: There is no b in font nullfont!
Missing character: There is no 2 in font nullfont!
Missing character: There is no - in font nullfont!
Missing character: There is no 1 in font nullfont!
Missing character: There is no 1 in font nullfont!
Missing character: There is no 0 in font nullfont!
Missing character: There is no c in font nullfont!
Missing character: There is no 1 in font nullfont!
Missing character: There is no 1 in font nullfont!
Missing character: There is no - in font nullfont!
Missing character: There is no 0 in font nullfont!
Missing character: There is no 0 in font nullfont!
Missing character: There is no d in font nullfont!
Missing character: There is no 0 in font nullfont!
Missing character: There is no 1 in font nullfont!
Missing character: There is no 0 in font nullfont!
Missing character: There is no - in font nullfont!
Missing character: There is no e in font nullfont!
Missing character: There is no 4 in font nullfont!
Missing character: There is no 0 in font nullfont!
Missing character: There is no 0 in font nullfont!
Missing character: There is no 0 in font nullfont!
Missing character: There is no - in font nullfont!

/Users/sarahmcgillion/AADS/Assignment_1/sections/TSWLatexianTemp_000095.tex:36: LaTeX Error: \caption outside float.

See the LaTeX manual or LaTeX Companion for explanation.
Type  H <return>  for immediate help.
 ...                                              
                                                  
l.36 \caption
             {{\it z_{fg} values for Figure 3 in Assignment Document}
You're in trouble here.  Try typing  <return>  to proceed.
If that doesn't work, type  X <return>  to quit.

/Users/sarahmcgillion/AADS/Assignment_1/sections/TSWLatexianTemp_000095.tex:36: Undefined control sequence.
l.36 \caption{{\it
                   z_{fg} values for Figure 3 in Assignment Document}
The control sequence at the end of the top line
of your error message was never \def'ed. If you have
misspelled it (e.g., `\hobx'), type `I' and the correct
spelling (e.g., `I\hbox'). Otherwise just continue,
and I'll forget about whatever was undefined.


/Users/sarahmcgillion/AADS/Assignment_1/sections/TSWLatexianTemp_000095.tex:38: LaTeX Error: \begin{document} ended by \end{table}.

See the LaTeX manual or LaTeX Companion for explanation.
Type  H <return>  for immediate help.
 ...                                              
                                                  
l.38 \end{table}
                
Your command was ignored.
Type  I <command> <return>  to replace it with another command,
or  <return>  to continue without it.

/Users/sarahmcgillion/AADS/Assignment_1/sections/TSWLatexianTemp_000095.tex:38: Missing } inserted.
<inserted text> 
                }
l.38 \end{table}
                
I've inserted something that you may have forgotten.
(See the <inserted text> above.)
With luck, this will get me unwedged. But if you
really didn't forget anything, try typing `2' now; then
my insertion and my current dilemma will both disappear.

/Users/sarahmcgillion/AADS/Assignment_1/sections/TSWLatexianTemp_000095.tex:39: Missing $ inserted.
<inserted text> 
                $
l.39 
     
I've inserted a begin-math/end-math symbol since I think
you left one out. Proceed, with fingers crossed.


Overfull \hbox (20.0pt too wide) in paragraph at lines 25--39
[]
 []


Overfull \hbox (10.86105pt too wide) in paragraph at lines 25--39
[]
 []


Overfull \hbox (480.68529pt too wide) in paragraph at lines 25--39
[]\OML/cmm/m/it/10 thatcorrespondtoFigure\OT1/cmr/m/n/10 3\OML/cmm/m/it/10 fromtheAssignmentDocument:\OT1/cmr/m/n/10 [\OML/cmm/m/it/10 h\OT1/cmr/m/n/10 ][][]$ 
 []

)
! Emergency stop.
<*> ...nment_1/sections/TSWLatexianTemp_000095.tex
                                                  
*** (job aborted, no legal \end found)

 
Here is how much of TeX's memory you used:
 16 strings out of 493117
 431 string characters out of 6135433
 57909 words of memory out of 5000000
 3577 multiletter control sequences out of 15000+600000
 3948 words of font info for 15 fonts, out of 8000000 for 9000
 1141 hyphenation exceptions out of 8191
 19i,8n,19p,206b,110s stack positions out of 5000i,500n,10000p,200000b,80000s
!  ==> Fatal error occurred, no output PDF file produced!
